2019-11-18 10:45:05 INFO  Nagusia:19 - Aplikazioa abiarazi da...
2019-11-18 10:45:05 INFO  Nagusia:23 - Datu basearekin konexioa eginda...
2019-11-18 10:45:12 INFO  Nagusia:106 - Fitxategia Gordetzean sartutako daturen bat txarto dago
2019-11-18 10:47:12 INFO  Nagusia:19 - Aplikazioa abiarazi da...
2019-11-18 10:47:12 INFO  Nagusia:23 - Datu basearekin konexioa eginda...
2019-11-18 10:47:22 INFO  Nagusia:106 - Fitxategia Gordetzean sartutako daturen bat txarto dago
2019-11-18 10:50:38 INFO  Nagusia:19 - Aplikazioa abiarazi da...
2019-11-18 10:50:38 INFO  Nagusia:23 - Datu basearekin konexioa eginda...
2019-11-18 11:50:05 INFO  Nagusia:19 - Aplikazioa abiarazi da...
2019-11-18 11:50:05 INFO  Nagusia:23 - Datu basearekin konexioa eginda...
2019-11-18 11:50:14 INFO  Nagusia:107 - Fitxategia Gorde da eta datu basera igo da
2019-11-18 11:51:13 INFO  Nagusia:19 - Aplikazioa abiarazi da...
2019-11-18 11:51:13 INFO  Nagusia:23 - Datu basearekin konexioa eginda...
2019-11-18 11:51:22 INFO  Nagusia:224 - Ezin izan da igo zeren fitxategikoa errepikatuta dago
2019-11-18 11:51:29 INFO  Nagusia:106 - Fitxategia Gordetzean sartutako daturen bat txarto dago
2019-11-18 11:51:33 INFO  Nagusia:106 - Fitxategia Gordetzean sartutako daturen bat txarto dago
2019-11-18 11:51:41 INFO  Nagusia:224 - Ezin izan da igo zeren fitxategikoa errepikatuta dago
2019-11-18 11:52:26 INFO  Nagusia:19 - Aplikazioa abiarazi da...
2019-11-18 11:52:26 INFO  Nagusia:23 - Datu basearekin konexioa eginda...
2019-11-18 11:52:36 INFO  Nagusia:224 - Ezin izan da igo zeren fitxategikoa errepikatuta dago
2019-11-18 11:52:44 INFO  Nagusia:106 - Fitxategia Gordetzean sartutako daturen bat txarto dago
2019-11-18 11:52:46 INFO  Nagusia:106 - Fitxategia Gordetzean sartutako daturen bat txarto dago
2019-11-18 11:53:00 INFO  Nagusia:224 - Ezin izan da igo zeren fitxategikoa errepikatuta dago
2019-11-18 11:53:40 INFO  Nagusia:19 - Aplikazioa abiarazi da...
2019-11-18 11:53:40 INFO  Nagusia:23 - Datu basearekin konexioa eginda...
2019-11-18 11:53:55 INFO  Nagusia:224 - Ezin izan da igo zeren fitxategikoa errepikatuta dago
2019-11-18 11:54:04 INFO  Nagusia:106 - Fitxategia Gordetzean sartutako daturen bat txarto dago
2019-11-18 12:00:45 INFO  Nagusia:19 - Aplikazioa abiarazi da...
2019-11-18 12:00:45 INFO  Nagusia:23 - Datu basearekin konexioa eginda...
2019-11-18 12:00:55 INFO  Nagusia:224 - Ezin izan da igo zeren fitxategikoa errepikatuta dago
2019-11-18 12:01:05 INFO  Nagusia:106 - Fitxategia Gordetzean sartutako daturen bat txarto dago
2019-11-18 12:01:12 INFO  Nagusia:224 - Ezin izan da igo zeren fitxategikoa errepikatuta dago
2019-11-18 12:01:18 INFO  Nagusia:106 - Fitxategia Gordetzean sartutako daturen bat txarto dago
2019-11-18 12:04:24 INFO  Nagusia:19 - Aplikazioa abiarazi da...
2019-11-18 12:04:24 INFO  Nagusia:23 - Datu basearekin konexioa eginda...
2019-11-18 12:04:31 INFO  Nagusia:106 - Fitxategia Gordetzean sartutako daturen bat txarto dago
2019-11-18 12:04:38 INFO  Nagusia:106 - Fitxategia Gordetzean sartutako daturen bat txarto dago
2019-11-18 12:04:40 INFO  Nagusia:106 - Fitxategia Gordetzean sartutako daturen bat txarto dago
2019-11-18 12:04:50 INFO  Nagusia:106 - Fitxategia Gordetzean sartutako daturen bat txarto dago
2019-11-18 12:05:08 INFO  Nagusia:19 - Aplikazioa abiarazi da...
2019-11-18 12:05:08 INFO  Nagusia:23 - Datu basearekin konexioa eginda...
2019-11-18 12:05:15 INFO  Nagusia:106 - Fitxategia Gordetzean sartutako daturen bat txarto dago
2019-11-18 12:08:10 INFO  Nagusia:19 - Aplikazioa abiarazi da...
2019-11-18 12:08:10 INFO  Nagusia:23 - Datu basearekin konexioa eginda...
2019-11-18 12:08:28 INFO  Nagusia:404 - Ezin izan da igo zeren fitxategikoa errepikatuta dago
2019-11-18 12:08:33 INFO  Nagusia:106 - Fitxategia Gordetzean sartutako daturen bat txarto dago
2019-11-18 12:09:35 INFO  Nagusia:404 - Ezin izan da igo zeren fitxategikoa errepikatuta dago
2019-11-18 12:09:40 INFO  Nagusia:106 - Fitxategia Gordetzean sartutako daturen bat txarto dago
2019-11-18 12:09:55 INFO  Nagusia:455 - Ezin izan da igo zeren fitxategikoa errepikatuta dago
2019-11-18 12:10:02 INFO  Nagusia:106 - Fitxategia Gordetzean sartutako daturen bat txarto dago
2019-11-18 12:10:35 INFO  Nagusia:19 - Aplikazioa abiarazi da...
2019-11-18 12:10:35 INFO  Nagusia:23 - Datu basearekin konexioa eginda...
2019-11-18 12:10:43 INFO  Nagusia:404 - Ezin izan da igo zeren fitxategikoa errepikatuta dago
2019-11-18 12:11:39 INFO  Nagusia:19 - Aplikazioa abiarazi da...
2019-11-18 12:11:39 INFO  Nagusia:23 - Datu basearekin konexioa eginda...
2019-11-18 12:11:55 INFO  Nagusia:455 - Ezin izan da igo zeren fitxategikoa errepikatuta dago
2019-11-18 12:12:31 INFO  Nagusia:455 - Ezin izan da igo zeren fitxategikoa errepikatuta dago
2019-11-18 12:12:36 INFO  Nagusia:106 - Fitxategia Gordetzean sartutako daturen bat txarto dago
2019-11-18 12:13:30 INFO  Nagusia:264 - 51Enplegatua ondo igo da
2019-11-18 12:14:34 INFO  Nagusia:298 - 51 enplegatua ondo kendu da
2019-11-18 12:15:30 INFO  Nagusia:19 - Aplikazioa abiarazi da...
2019-11-18 12:15:31 INFO  Nagusia:23 - Datu basearekin konexioa eginda...
2019-11-18 12:15:49 INFO  Nagusia:273 - Ezin izan da igo zeren fitxategikoa errepikatuta dago
2019-11-18 12:19:41 INFO  Nagusia:19 - Aplikazioa abiarazi da...
2019-11-18 12:19:42 INFO  Nagusia:23 - Datu basearekin konexioa eginda...
2019-11-18 12:19:53 INFO  Nagusia:274 - Ezin izan da igo zeren fitxategikoa errepikatuta dago
2019-11-18 12:20:09 INFO  Nagusia:19 - Aplikazioa abiarazi da...
2019-11-18 12:20:09 INFO  Nagusia:23 - Datu basearekin konexioa eginda...
2019-11-18 12:20:20 INFO  Nagusia:269 - Fitxategia Gorde da eta datu basera igo da
2019-11-18 12:20:55 INFO  Nagusia:19 - Aplikazioa abiarazi da...
2019-11-18 12:20:55 INFO  Nagusia:23 - Datu basearekin konexioa eginda...
2019-11-18 12:21:20 INFO  Nagusia:277 - 100 departamentua ondo ezabatu da
2019-11-18 12:23:25 INFO  Nagusia:19 - Aplikazioa abiarazi da...
2019-11-18 12:23:25 INFO  Nagusia:23 - Datu basearekin konexioa eginda...
2019-11-18 12:23:41 INFO  Nagusia:271 - Fitxategia Gorde da eta datu basera igo da
2019-11-18 12:25:12 INFO  Nagusia:19 - Aplikazioa abiarazi da...
2019-11-18 12:25:12 INFO  Nagusia:23 - Datu basearekin konexioa eginda...
2019-11-18 12:25:20 INFO  Nagusia:106 - Fitxategia Gordetzean sartutako daturen bat txarto dago
2019-11-18 12:25:27 INFO  Nagusia:106 - Fitxategia Gordetzean sartutako daturen bat txarto dago
2019-11-18 12:25:36 INFO  Nagusia:271 - Fitxategia Gorde da eta datu basera igo da
2019-11-18 12:25:46 INFO  Nagusia:19 - Aplikazioa abiarazi da...
2019-11-18 12:25:47 INFO  Nagusia:23 - Datu basearekin konexioa eginda...
2019-11-18 12:25:51 INFO  Nagusia:277 - 100 departamentua ondo ezabatu da
